# JRE version: OpenJDK Runtime Environment Temurin-21.0.9+10 (21.0.9+10) (build 21.0.9+10-LTS)
# Java VM: OpenJDK 64-Bit Server VM Temurin-21.0.9+10 (21.0.9+10-LTS, mixed mode, sharing, tiered, compressed oops, compressed class ptrs, parallel gc, windows-amd64)
GC Precious Log:
 CardTable entry size: 512
 CPUs: 8 total, 8 available
 Memory: 7834M
 Large Page Support: Disabled
 NUMA Support: Disabled
 Compressed Oops: Enabled (32-bit)
 Alignments: Space 512K, Generation 512K, Heap 2M
 Heap Min Capacity: 100M
 Heap Initial Capacity: 100M
 Heap Max Capacity: 2G
 Pre-touch: Disabled
 Parallel Workers: 8
Heap:
 PSYoungGen      total 20992K, used 4227K [0x00000000d5580000, 0x00000000d6b80000, 0x0000000100000000)
  eden space 19456K, 15% used [0x00000000d5580000,0x00000000d5878f58,0x00000000d6880000)
  from space 1536K, 77% used [0x00000000d6a00000,0x00000000d6b28020,0x00000000d6b80000)
  to   space 1536K, 0% used [0x00000000d6880000,0x00000000d6880000,0x00000000d6a00000)
 ParOldGen       total 68608K, used 37094K [0x0000000080000000, 0x0000000084300000, 0x00000000d5580000)
  object space 68608K, 54% used [0x0000000080000000,0x0000000082439998,0x0000000084300000)
 Metaspace       used 44171K, committed 45376K, reserved 1114112K
  class space    used 4349K, committed 4928K, reserved 1048576K
GC Heap History (20 events):
Event: 18.172 GC heap before
{Heap before GC invocations=24 (full 2):
 PSYoungGen      total 22016K, used 21521K [0x00000000d5580000, 0x00000000d6d00000, 0x0000000100000000)
  eden space 20992K, 99% used [0x00000000d5580000,0x00000000d69fc690,0x00000000d6a00000)
  from space 1024K, 53% used [0x00000000d6b00000,0x00000000d6b88010,0x00000000d6c00000)
  to   space 1024K, 0% used [0x00000000d6c00000,0x00000000d6c00000,0x00000000d6d00000)
 ParOldGen       total 68608K, used 30157K [0x0000000080000000, 0x0000000084300000, 0x00000000d5580000)
  object space 68608K, 43% used [0x0000000080000000,0x0000000081d735e8,0x0000000084300000)
 Metaspace       used 38855K, committed 39872K, reserved 1114112K
  class space    used 3927K, committed 4416K, reserved 1048576K
}
Event: 18.176 GC heap after
{Heap after GC invocations=24 (full 2):
 PSYoungGen      total 21504K, used 1013K [0x00000000d5580000, 0x00000000d6f00000, 0x0000000100000000)
  eden space 20480K, 0% used [0x00000000d5580000,0x00000000d5580000,0x00000000d6980000)
  from space 1024K, 99% used [0x00000000d6c00000,0x00000000d6cfd7f0,0x00000000d6d00000)
  to   space 2560K, 0% used [0x00000000d6980000,0x00000000d6980000,0x00000000d6c00000)
 ParOldGen       total 68608K, used 31195K [0x0000000080000000, 0x0000000084300000, 0x00000000d5580000)
  object space 68608K, 45% used [0x0000000080000000,0x0000000081e76cf8,0x0000000084300000)
 Metaspace       used 38855K, committed 39872K, reserved 1114112K
  class space    used 3927K, committed 4416K, reserved 1048576K
}
Event: 18.596 GC heap before
{Heap before GC invocations=25 (full 2):
 PSYoungGen      total 21504K, used 21493K [0x00000000d5580000, 0x00000000d6f00000, 0x0000000100000000)
  eden space 20480K, 100% used [0x00000000d5580000,0x00000000d6980000,0x00000000d6980000)
  from space 1024K, 99% used [0x00000000d6c00000,0x00000000d6cfd7f0,0x00000000d6d00000)
  to   space 2560K, 0% used [0x00000000d6980000,0x00000000d6980000,0x00000000d6c00000)
 ParOldGen       total 68608K, used 31195K [0x0000000080000000, 0x0000000084300000, 0x00000000d5580000)
  object space 68608K, 45% used [0x0000000080000000,0x0000000081e76cf8,0x0000000084300000)
 Metaspace       used 39259K, committed 40384K, reserved 1114112K
  class space    used 3978K, committed 4480K, reserved 1048576K
}
Event: 18.598 GC heap after
{Heap after GC invocations=25 (full 2):
 PSYoungGen      total 20992K, used 473K [0x00000000d5580000, 0x00000000d6c80000, 0x0000000100000000)
  eden space 20480K, 0% used [0x00000000d5580000,0x00000000d5580000,0x00000000d6980000)
  from space 512K, 92% used [0x00000000d6980000,0x00000000d69f6618,0x00000000d6a00000)
  to   space 1536K, 0% used [0x00000000d6b00000,0x00000000d6b00000,0x00000000d6c80000)
 ParOldGen       total 68608K, used 32187K [0x0000000080000000, 0x0000000084300000, 0x00000000d5580000)
  object space 68608K, 46% used [0x0000000080000000,0x0000000081f6ed18,0x0000000084300000)
 Metaspace       used 39259K, committed 40384K, reserved 1114112K
  class space    used 3978K, committed 4480K, reserved 1048576K
}
Event: 18.646 GC heap before
{Heap before GC invocations=26 (full 2):
 PSYoungGen      total 20992K, used 20931K [0x00000000d5580000, 0x00000000d6c80000, 0x0000000100000000)
  eden space 20480K, 99% used [0x00000000d5580000,0x00000000d697a9c0,0x00000000d6980000)
  from space 512K, 92% used [0x00000000d6980000,0x00000000d69f6618,0x00000000d6a00000)
  to   space 1536K, 0% used [0x00000000d6b00000,0x00000000d6b00000,0x00000000d6c80000)
 ParOldGen       total 68608K, used 32187K [0x0000000080000000, 0x0000000084300000, 0x00000000d5580000)
  object space 68608K, 46% used [0x0000000080000000,0x0000000081f6ed18,0x0000000084300000)
 Metaspace       used 39451K, committed 40576K, reserved 1114112K
  class space    used 3985K, committed 4480K, reserved 1048576K
}
Event: 18.648 GC heap after
{Heap after GC invocations=26 (full 2):
 PSYoungGen      total 20992K, used 502K [0x00000000d5580000, 0x00000000d6b80000, 0x0000000100000000)
  eden space 20480K, 0% used [0x00000000d5580000,0x00000000d5580000,0x00000000d6980000)
  from space 512K, 98% used [0x00000000d6b00000,0x00000000d6b7d9e0,0x00000000d6b80000)
  to   space 1024K, 0% used [0x00000000d6980000,0x00000000d6980000,0x00000000d6a80000)
 ParOldGen       total 68608K, used 32418K [0x0000000080000000, 0x0000000084300000, 0x00000000d5580000)
  object space 68608K, 47% used [0x0000000080000000,0x0000000081fa8878,0x0000000084300000)
 Metaspace       used 39451K, committed 40576K, reserved 1114112K
  class space    used 3985K, committed 4480K, reserved 1048576K
}
Event: 18.694 GC heap before
{Heap before GC invocations=27 (full 2):
 PSYoungGen      total 20992K, used 20958K [0x00000000d5580000, 0x00000000d6b80000, 0x0000000100000000)
  eden space 20480K, 99% used [0x00000000d5580000,0x00000000d6979f98,0x00000000d6980000)
  from space 512K, 98% used [0x00000000d6b00000,0x00000000d6b7d9e0,0x00000000d6b80000)
  to   space 1024K, 0% used [0x00000000d6980000,0x00000000d6980000,0x00000000d6a80000)
 ParOldGen       total 68608K, used 32418K [0x0000000080000000, 0x0000000084300000, 0x00000000d5580000)
  object space 68608K, 47% used [0x0000000080000000,0x0000000081fa8878,0x0000000084300000)
 Metaspace       used 39562K, committed 40640K, reserved 1114112K
  class space    used 3991K, committed 4480K, reserved 1048576K
}
Event: 18.696 GC heap after
{Heap after GC invocations=27 (full 2):
 PSYoungGen      total 21504K, used 604K [0x00000000d5580000, 0x00000000d6b80000, 0x0000000100000000)
  eden space 20480K, 0% used [0x00000000d5580000,0x00000000d5580000,0x00000000d6980000)
  from space 1024K, 59% used [0x00000000d6980000,0x00000000d6a173c8,0x00000000d6a80000)
  to   space 1024K, 0% used [0x00000000d6a80000,0x00000000d6a80000,0x00000000d6b80000)
 ParOldGen       total 68608K, used 32717K [0x0000000080000000, 0x0000000084300000, 0x00000000d5580000)
  object space 68608K, 47% used [0x0000000080000000,0x0000000081ff3500,0x0000000084300000)
 Metaspace       used 39562K, committed 40640K, reserved 1114112K
  class space    used 3991K, committed 4480K, reserved 1048576K
}
Event: 19.131 GC heap before
{Heap before GC invocations=28 (full 2):
 PSYoungGen      total 21504K, used 21084K [0x00000000d5580000, 0x00000000d6b80000, 0x0000000100000000)
  eden space 20480K, 100% used [0x00000000d5580000,0x00000000d6980000,0x00000000d6980000)
  from space 1024K, 59% used [0x00000000d6980000,0x00000000d6a173c8,0x00000000d6a80000)
  to   space 1024K, 0% used [0x00000000d6a80000,0x00000000d6a80000,0x00000000d6b80000)
 ParOldGen       total 68608K, used 32717K [0x0000000080000000, 0x0000000084300000, 0x00000000d5580000)
  object space 68608K, 47% used [0x0000000080000000,0x0000000081ff3500,0x0000000084300000)
 Metaspace       used 40873K, committed 41984K, reserved 1114112K
  class space    used 4103K, committed 4608K, reserved 1048576K
}
Event: 19.133 GC heap after
{Heap after GC invocations=28 (full 2):
 PSYoungGen      total 20992K, used 965K [0x00000000d5580000, 0x00000000d6c80000, 0x0000000100000000)
  eden space 19968K, 0% used [0x00000000d5580000,0x00000000d5580000,0x00000000d6900000)
  from space 1024K, 94% used [0x00000000d6a80000,0x00000000d6b71580,0x00000000d6b80000)
  to   space 1536K, 0% used [0x00000000d6900000,0x00000000d6900000,0x00000000d6a80000)
 ParOldGen       total 68608K, used 32805K [0x0000000080000000, 0x0000000084300000, 0x00000000d5580000)
  object space 68608K, 47% used [0x0000000080000000,0x0000000082009500,0x0000000084300000)
 Metaspace       used 40873K, committed 41984K, reserved 1114112K
  class space    used 4103K, committed 4608K, reserved 1048576K
}
Event: 19.542 GC heap before
{Heap before GC invocations=29 (full 2):
 PSYoungGen      total 20992K, used 20870K [0x00000000d5580000, 0x00000000d6c80000, 0x0000000100000000)
  eden space 19968K, 99% used [0x00000000d5580000,0x00000000d68f05d0,0x00000000d6900000)
  from space 1024K, 94% used [0x00000000d6a80000,0x00000000d6b71580,0x00000000d6b80000)
  to   space 1536K, 0% used [0x00000000d6900000,0x00000000d6900000,0x00000000d6a80000)
 ParOldGen       total 68608K, used 32805K [0x0000000080000000, 0x0000000084300000, 0x00000000d5580000)
  object space 68608K, 47% used [0x0000000080000000,0x0000000082009500,0x0000000084300000)
 Metaspace       used 42083K, committed 43200K, reserved 1114112K
  class space    used 4242K, committed 4800K, reserved 1048576K
}
Event: 19.545 GC heap after
{Heap after GC invocations=29 (full 2):
 PSYoungGen      total 21504K, used 1325K [0x00000000d5580000, 0x00000000d6c00000, 0x0000000100000000)
  eden space 19968K, 0% used [0x00000000d5580000,0x00000000d5580000,0x00000000d6900000)
  from space 1536K, 86% used [0x00000000d6900000,0x00000000d6a4b6e8,0x00000000d6a80000)
  to   space 1536K, 0% used [0x00000000d6a80000,0x00000000d6a80000,0x00000000d6c00000)
 ParOldGen       total 68608K, used 33618K [0x0000000080000000, 0x0000000084300000, 0x00000000d5580000)
  object space 68608K, 49% used [0x0000000080000000,0x00000000820d48b8,0x0000000084300000)
 Metaspace       used 42083K, committed 43200K, reserved 1114112K
  class space    used 4242K, committed 4800K, reserved 1048576K
}
Event: 19.576 GC heap before
{Heap before GC invocations=30 (full 2):
 PSYoungGen      total 21504K, used 21269K [0x00000000d5580000, 0x00000000d6c00000, 0x0000000100000000)
  eden space 19968K, 99% used [0x00000000d5580000,0x00000000d68f9de8,0x00000000d6900000)
  from space 1536K, 86% used [0x00000000d6900000,0x00000000d6a4b6e8,0x00000000d6a80000)
  to   space 1536K, 0% used [0x00000000d6a80000,0x00000000d6a80000,0x00000000d6c00000)
 ParOldGen       total 68608K, used 33618K [0x0000000080000000, 0x0000000084300000, 0x00000000d5580000)
  object space 68608K, 49% used [0x0000000080000000,0x00000000820d48b8,0x0000000084300000)
 Metaspace       used 42114K, committed 43264K, reserved 1114112K
  class space    used 4242K, committed 4800K, reserved 1048576K
}
Event: 19.577 GC heap after
{Heap after GC invocations=30 (full 2):
 PSYoungGen      total 20480K, used 160K [0x00000000d5580000, 0x00000000d6b00000, 0x0000000100000000)
  eden space 19968K, 0% used [0x00000000d5580000,0x00000000d5580000,0x00000000d6900000)
  from space 512K, 31% used [0x00000000d6a80000,0x00000000d6aa8000,0x00000000d6b00000)
  to   space 1024K, 0% used [0x00000000d6900000,0x00000000d6900000,0x00000000d6a00000)
 ParOldGen       total 68608K, used 34728K [0x0000000080000000, 0x0000000084300000, 0x00000000d5580000)
  object space 68608K, 50% used [0x0000000080000000,0x00000000821ea1f8,0x0000000084300000)
 Metaspace       used 42114K, committed 43264K, reserved 1114112K
  class space    used 4242K, committed 4800K, reserved 1048576K
}
Event: 19.602 GC heap before
{Heap before GC invocations=31 (full 2):
 PSYoungGen      total 20480K, used 20128K [0x00000000d5580000, 0x00000000d6b00000, 0x0000000100000000)
  eden space 19968K, 100% used [0x00000000d5580000,0x00000000d6900000,0x00000000d6900000)
  from space 512K, 31% used [0x00000000d6a80000,0x00000000d6aa8000,0x00000000d6b00000)
  to   space 1024K, 0% used [0x00000000d6900000,0x00000000d6900000,0x00000000d6a00000)
 ParOldGen       total 68608K, used 34728K [0x0000000080000000, 0x0000000084300000, 0x00000000d5580000)
  object space 68608K, 50% used [0x0000000080000000,0x00000000821ea1f8,0x0000000084300000)
 Metaspace       used 42151K, committed 43328K, reserved 1114112K
  class space    used 4243K, committed 4800K, reserved 1048576K
}
Event: 19.603 GC heap after
{Heap after GC invocations=31 (full 2):
 PSYoungGen      total 20992K, used 224K [0x00000000d5580000, 0x00000000d6b00000, 0x0000000100000000)
  eden space 19968K, 0% used [0x00000000d5580000,0x00000000d5580000,0x00000000d6900000)
  from space 1024K, 21% used [0x00000000d6900000,0x00000000d6938000,0x00000000d6a00000)
  to   space 512K, 0% used [0x00000000d6a80000,0x00000000d6a80000,0x00000000d6b00000)
 ParOldGen       total 68608K, used 34768K [0x0000000080000000, 0x0000000084300000, 0x00000000d5580000)
  object space 68608K, 50% used [0x0000000080000000,0x00000000821f41f8,0x0000000084300000)
 Metaspace       used 42151K, committed 43328K, reserved 1114112K
  class space    used 4243K, committed 4800K, reserved 1048576K
}
Event: 20.569 GC heap before
{Heap before GC invocations=32 (full 2):
 PSYoungGen      total 20992K, used 20192K [0x00000000d5580000, 0x00000000d6b00000, 0x0000000100000000)
  eden space 19968K, 100% used [0x00000000d5580000,0x00000000d6900000,0x00000000d6900000)
  from space 1024K, 21% used [0x00000000d6900000,0x00000000d6938000,0x00000000d6a00000)
  to   space 512K, 0% used [0x00000000d6a80000,0x00000000d6a80000,0x00000000d6b00000)
 ParOldGen       total 68608K, used 34768K [0x0000000080000000, 0x0000000084300000, 0x00000000d5580000)
  object space 68608K, 50% used [0x0000000080000000,0x00000000821f41f8,0x0000000084300000)
 Metaspace       used 43261K, committed 44416K, reserved 1114112K
  class space    used 4325K, committed 4864K, reserved 1048576K
}
Event: 20.572 GC heap after
{Heap after GC invocations=32 (full 2):
 PSYoungGen      total 19968K, used 481K [0x00000000d5580000, 0x00000000d6d00000, 0x0000000100000000)
  eden space 19456K, 0% used [0x00000000d5580000,0x00000000d5580000,0x00000000d6880000)
  from space 512K, 94% used [0x00000000d6a80000,0x00000000d6af8780,0x00000000d6b00000)
  to   space 2048K, 0% used [0x00000000d6880000,0x00000000d6880000,0x00000000d6a80000)
 ParOldGen       total 68608K, used 35780K [0x0000000080000000, 0x0000000084300000, 0x00000000d5580000)
  object space 68608K, 52% used [0x0000000080000000,0x00000000822f10d0,0x0000000084300000)
 Metaspace       used 43261K, committed 44416K, reserved 1114112K
  class space    used 4325K, committed 4864K, reserved 1048576K
}
Event: 21.152 GC heap before
{Heap before GC invocations=33 (full 2):
 PSYoungGen      total 19968K, used 19937K [0x00000000d5580000, 0x00000000d6d00000, 0x0000000100000000)
  eden space 19456K, 100% used [0x00000000d5580000,0x00000000d6880000,0x00000000d6880000)
  from space 512K, 94% used [0x00000000d6a80000,0x00000000d6af8780,0x00000000d6b00000)
  to   space 2048K, 0% used [0x00000000d6880000,0x00000000d6880000,0x00000000d6a80000)
 ParOldGen       total 68608K, used 35780K [0x0000000080000000, 0x0000000084300000, 0x00000000d5580000)
  object space 68608K, 52% used [0x0000000080000000,0x00000000822f10d0,0x0000000084300000)
 Metaspace       used 43833K, committed 44992K, reserved 1114112K
  class space    used 4342K, committed 4928K, reserved 1048576K
}
Event: 21.154 GC heap after
{Heap after GC invocations=33 (full 2):
 PSYoungGen      total 20480K, used 985K [0x00000000d5580000, 0x00000000d6b80000, 0x0000000100000000)
  eden space 19456K, 0% used [0x00000000d5580000,0x00000000d5580000,0x00000000d6880000)
  from space 1024K, 96% used [0x00000000d6880000,0x00000000d69766a8,0x00000000d6980000)
  to   space 1536K, 0% used [0x00000000d6a00000,0x00000000d6a00000,0x00000000d6b80000)
 ParOldGen       total 68608K, used 36260K [0x0000000080000000, 0x0000000084300000, 0x00000000d5580000)
  object space 68608K, 52% used [0x0000000080000000,0x0000000082369188,0x0000000084300000)
 Metaspace       used 43833K, committed 44992K, reserved 1114112K
  class space    used 4342K, committed 4928K, reserved 1048576K
}

